<?xml version="1.0" encoding="UTF-8"?>
<!-- Generated by org.testng.reporters.JUnitReportReporter -->
<testsuite skipped="0" hostname="DERIW42SLPC1327" name="module3.Test1Module3" tests="2" failures="0" timestamp="18 Jan 2020 09:58:06 GMT" time="0.006" errors="0">
  <testcase name="test2" time="0.004" classname="module3.Test1Module3"/>
  <testcase name="test1" time="0.002" classname="module3.Test1Module3"/>
</testsuite> <!-- module3.Test1Module3 -->
