<?xml version="1.0" encoding="UTF-8"?>
<!-- Generated by org.testng.reporters.JUnitReportReporter -->
<testsuite skipped="0" hostname="DERIW42SLPC1327" name="module2.Test2Module2" tests="2" failures="0" timestamp="18 Jan 2020 09:58:05 GMT" time="0.009" errors="0">
  <testcase name="test1" time="0.004" classname="module2.Test2Module2"/>
  <testcase name="test2" time="0.005" classname="module2.Test2Module2"/>
</testsuite> <!-- module2.Test2Module2 -->
