<?xml version="1.0" encoding="UTF-8"?>
<!-- Generated by org.testng.reporters.JUnitReportReporter -->
<testsuite skipped="0" hostname="DERIW42SLPC1327" name="module2.Test1Module2" tests="2" failures="0" timestamp="18 Jan 2020 09:58:06 GMT" time="0.007" errors="0">
  <testcase name="test2" time="0.004" classname="module2.Test1Module2"/>
  <testcase name="test1" time="0.003" classname="module2.Test1Module2"/>
</testsuite> <!-- module2.Test1Module2 -->
