<?xml version="1.0" encoding="UTF-8"?>
<!-- Generated by org.testng.reporters.JUnitReportReporter -->
<testsuite skipped="0" hostname="DERIW42SLPC1327" name="samplePackage.FirstMavenClass" tests="2" failures="0" timestamp="26 Jan 2020 09:13:45 GMT" time="56.116" errors="0">
  <testcase name="test1" time="0.018" classname="samplePackage.FirstMavenClass"/>
  <testcase name="test2" time="56.098" classname="samplePackage.FirstMavenClass"/>
</testsuite> <!-- samplePackage.FirstMavenClass -->
