<?xml version="1.0" encoding="UTF-8"?>
<!-- Generated by org.testng.reporters.JUnitReportReporter -->
<testsuite skipped="0" hostname="DERIW42SLPC1327" name="advanceSeleniumConcepts.ParallelExceution" tests="3" failures="0" timestamp="01 Feb 2020 11:06:17 GMT" time="163.540" errors="0">
  <testcase name="test1" time="71.229" classname="advanceSeleniumConcepts.ParallelExceution"/>
  <testcase name="test1" time="51.831" classname="advanceSeleniumConcepts.ParallelExceution"/>
  <testcase name="test1" time="40.480" classname="advanceSeleniumConcepts.ParallelExceution"/>
</testsuite> <!-- advanceSeleniumConcepts.ParallelExceution -->
