<?xml version="1.0" encoding="UTF-8"?>
<!-- Generated by org.testng.reporters.JUnitReportReporter -->
<testsuite skipped="0" hostname="DERIW42SLPC1327" name="testScripts.VerifyFlightBooking" tests="2" failures="0" timestamp="25 Jan 2020 10:14:27 GMT" time="10.525" errors="0">
  <testcase name="selectFlightDetails" time="1.275" classname="testScripts.VerifyFlightBooking"/>
  <testcase name="verifyLoginFunctionality" time="9.250" classname="testScripts.VerifyFlightBooking"/>
</testsuite> <!-- testScripts.VerifyFlightBooking -->
