<?xml version="1.0" encoding="UTF-8"?>
<!-- Generated by org.testng.reporters.JUnitReportReporter -->
<testsuite skipped="0" hostname="DERIW42SLPC1327" name="test.TestDataProvider" tests="10" failures="0" timestamp="18 Jan 2020 11:28:04 GMT" time="172.972" errors="0">
  <testcase name="test1" time="16.087" classname="test.TestDataProvider"/>
  <testcase name="test1" time="18.629" classname="test.TestDataProvider"/>
  <testcase name="test1" time="16.986" classname="test.TestDataProvider"/>
  <testcase name="test1" time="17.455" classname="test.TestDataProvider"/>
  <testcase name="test1" time="18.506" classname="test.TestDataProvider"/>
  <testcase name="test1" time="21.572" classname="test.TestDataProvider"/>
  <testcase name="test1" time="22.440" classname="test.TestDataProvider"/>
  <testcase name="test1" time="13.109" classname="test.TestDataProvider"/>
  <testcase name="test1" time="12.417" classname="test.TestDataProvider"/>
  <testcase name="test1" time="15.771" classname="test.TestDataProvider"/>
</testsuite> <!-- test.TestDataProvider -->
