<?xml version="1.0" encoding="UTF-8"?>
<!-- Generated by org.testng.reporters.JUnitReportReporter -->
<testsuite skipped="0" hostname="DERIW42SLPC1327" name="apiTesting.FirstAPIScript" tests="3" failures="0" timestamp="01 Feb 2020 10:20:31 GMT" time="7.510" errors="0">
  <testcase name="createUser" time="6.480" classname="apiTesting.FirstAPIScript"/>
  <testcase name="getRecords" time="0.137" classname="apiTesting.FirstAPIScript"/>
  <testcase name="updateRecord" time="0.893" classname="apiTesting.FirstAPIScript"/>
</testsuite> <!-- apiTesting.FirstAPIScript -->
